Flow report for fibonacci_calculator
Tue Jan 24 13:26:59 2017
Quartus Prime Version 16.1.0 Build 196 10/24/2016 SJ Lite Edition


---------------------
; Table of Contents ;
---------------------
  1. Legal Notice
  2. Flow Summary
  3. Flow Settings
  4. Flow Non-Default Global Settings
  5. Flow Elapsed Time
  6. Flow OS Summary
  7. Flow Log
  8. Flow Messages
  9. Flow Suppressed Messages



----------------
; Legal Notice ;
----------------
Copyright (C) 2016  Intel Corporation. All rights reserved.
Your use of Intel Corporation's design tools, logic functions 
and other software and tools, and its AMPP partner logic 
functions, and any output files from any of the foregoing 
(including device programming or simulation files), and any 
associated documentation or information are expressly subject 
to the terms and conditions of the Intel Program License 
Subscription Agreement, the Intel Quartus Prime License Agreement,
the Intel MegaCore Function License Agreement, or other 
applicable license agreement, including, without limitation, 
that your use is for the sole purpose of programming logic 
devices manufactured by Intel and sold by Intel or its 
authorized distributors.  Please refer to the applicable 
agreement for further details.



+---------------------------------------------------------------------------------+
; Flow Summary                                                                    ;
+-----------------------------------+---------------------------------------------+
; Flow Status                       ; Successful - Tue Jan 24 13:26:59 2017       ;
; Quartus Prime Version             ; 16.1.0 Build 196 10/24/2016 SJ Lite Edition ;
; Revision Name                     ; fibonacci_calculator                        ;
; Top-level Entity Name             ; fibonacci_calculator                        ;
; Family                            ; Arria II GX                                 ;
; Device                            ; EP2AGX45CU17I3                              ;
; Timing Models                     ; Final                                       ;
; Logic utilization                 ; < 1 %                                       ;
;     Combinational ALUTs           ; 26 / 36,100 ( < 1 % )                       ;
;     Memory ALUTs                  ; 0 / 18,050 ( 0 % )                          ;
;     Dedicated logic registers     ; 55 / 36,100 ( < 1 % )                       ;
; Total registers                   ; 55                                          ;
; Total pins                        ; 25 / 176 ( 14 % )                           ;
; Total virtual pins                ; 0                                           ;
; Total block memory bits           ; 0 / 2,939,904 ( 0 % )                       ;
; DSP block 18-bit elements         ; 0 / 232 ( 0 % )                             ;
; Total GXB Receiver Channel PCS    ; 0 / 4 ( 0 % )                               ;
; Total GXB Receiver Channel PMA    ; 0 / 4 ( 0 % )                               ;
; Total GXB Transmitter Channel PCS ; 0 / 4 ( 0 % )                               ;
; Total GXB Transmitter Channel PMA ; 0 / 4 ( 0 % )                               ;
; Total PLLs                        ; 0 / 4 ( 0 % )                               ;
; Total DLLs                        ; 0 / 2 ( 0 % )                               ;
+-----------------------------------+---------------------------------------------+


+------------------------------------------+
; Flow Settings                            ;
+-------------------+----------------------+
; Option            ; Setting              ;
+-------------------+----------------------+
; Start date & time ; 01/24/2017 13:25:14  ;
; Main task         ; Compilation          ;
; Revision Name     ; fibonacci_calculator ;
+-------------------+----------------------+


+-----------------------------------------------------------------------------------------------------------------------------+
; Flow Non-Default Global Settings                                                                                            ;
+-------------------------------------+----------------------------------------+---------------+-------------+----------------+
; Assignment Name                     ; Value                                  ; Default Value ; Entity Name ; Section Id     ;
+-------------------------------------+----------------------------------------+---------------+-------------+----------------+
; COMPILER_SIGNATURE_ID               ; 20674731681933.148529311308408         ; --            ; --          ; --             ;
; EDA_OUTPUT_DATA_FORMAT              ; Systemverilog Hdl                      ; --            ; --          ; eda_simulation ;
; EDA_SIMULATION_TOOL                 ; ModelSim-Altera (SystemVerilog)        ; <None>        ; --          ; --             ;
; MAX_CORE_JUNCTION_TEMP              ; 100                                    ; --            ; --          ; --             ;
; MIN_CORE_JUNCTION_TEMP              ; -40                                    ; --            ; --          ; --             ;
; PARTITION_COLOR                     ; -- (Not supported for targeted family) ; --            ; --          ; Top            ;
; PARTITION_FITTER_PRESERVATION_LEVEL ; -- (Not supported for targeted family) ; --            ; --          ; Top            ;
; PARTITION_NETLIST_TYPE              ; -- (Not supported for targeted family) ; --            ; --          ; Top            ;
; PROJECT_OUTPUT_DIRECTORY            ; output_files                           ; --            ; --          ; --             ;
+-------------------------------------+----------------------------------------+---------------+-------------+----------------+


+-------------------------------------------------------------------------------------------------------------------------------+
; Flow Elapsed Time                                                                                                             ;
+---------------------------+--------------+-------------------------+---------------------+------------------------------------+
; Module Name               ; Elapsed Time ; Average Processors Used ; Peak Virtual Memory ; Total CPU Time (on all processors) ;
+---------------------------+--------------+-------------------------+---------------------+------------------------------------+
; Analysis & Synthesis      ; 00:00:38     ; 1.0                     ; 730 MB              ; 00:01:25                           ;
; Fitter                    ; 00:00:36     ; 1.0                     ; 1715 MB             ; 00:00:43                           ;
; Assembler                 ; 00:00:08     ; 1.0                     ; 683 MB              ; 00:00:08                           ;
; TimeQuest Timing Analyzer ; 00:00:09     ; 1.0                     ; 795 MB              ; 00:00:07                           ;
; EDA Netlist Writer        ; 00:00:04     ; 1.0                     ; 614 MB              ; 00:00:04                           ;
; Total                     ; 00:01:35     ; --                      ; --                  ; 00:02:27                           ;
+---------------------------+--------------+-------------------------+---------------------+------------------------------------+


+-----------------------------------------------------------------------------------------+
; Flow OS Summary                                                                         ;
+---------------------------+------------------+------------+------------+----------------+
; Module Name               ; Machine Hostname ; OS Name    ; OS Version ; Processor type ;
+---------------------------+------------------+------------+------------+----------------+
; Analysis & Synthesis      ; Terminator-Jr    ; Windows 10 ; 10.0       ; x86_64         ;
; Fitter                    ; Terminator-Jr    ; Windows 10 ; 10.0       ; x86_64         ;
; Assembler                 ; Terminator-Jr    ; Windows 10 ; 10.0       ; x86_64         ;
; TimeQuest Timing Analyzer ; Terminator-Jr    ; Windows 10 ; 10.0       ; x86_64         ;
; EDA Netlist Writer        ; Terminator-Jr    ; Windows 10 ; 10.0       ; x86_64         ;
+---------------------------+------------------+------------+------------+----------------+


------------
; Flow Log ;
------------
quartus_map --read_settings_files=on --write_settings_files=off fibonacci_calculator -c fibonacci_calculator
quartus_fit --read_settings_files=off --write_settings_files=off fibonacci_calculator -c fibonacci_calculator
quartus_asm --read_settings_files=off --write_settings_files=off fibonacci_calculator -c fibonacci_calculator
quartus_sta fibonacci_calculator -c fibonacci_calculator
quartus_eda --read_settings_files=off --write_settings_files=off fibonacci_calculator -c fibonacci_calculator



